<?xml version="1.0" encoding="UTF-8"?>
<testsuite xmlns:xsi="http://www.w3.org/2001/XMLSchema-instance" xsi:noNamespaceSchemaLocation="https://maven.apache.org/surefire/maven-surefire-plugin/xsd/surefire-test-report.xsd" name="reactive.ReactiveTest" time="0.24" tests="3" errors="0" skipped="0" failures="0">
  <properties>
    <property name="gopherProxySet" value="false"/>
    <property name="awt.toolkit" value="sun.lwawt.macosx.LWCToolkit"/>
    <property name="file.encoding.pkg" value="sun.io"/>
    <property name="java.specification.version" value="1.8"/>
    <property name="sun.cpu.isalist" value=""/>
    <property name="sun.jnu.encoding" value="UTF-8"/>
    <property name="java.class.path" value="/Users/reza.ghafari/git/java8/target/test-classes:/Users/reza.ghafari/git/java8/target/classes:/Users/reza.ghafari/.m2/repository/io/projectreactor/reactor-core/3.3.0.RELEASE/reactor-core-3.3.0.RELEASE.jar:/Users/reza.ghafari/.m2/repository/org/reactivestreams/reactive-streams/1.0.3/reactive-streams-1.0.3.jar:/Users/reza.ghafari/.m2/repository/ch/qos/logback/logback-classic/1.2.3/logback-classic-1.2.3.jar:/Users/reza.ghafari/.m2/repository/ch/qos/logback/logback-core/1.2.3/logback-core-1.2.3.jar:/Users/reza.ghafari/.m2/repository/org/slf4j/slf4j-api/1.7.29/slf4j-api-1.7.29.jar:/Users/reza.ghafari/.m2/repository/org/junit/jupiter/junit-jupiter-api/5.5.2/junit-jupiter-api-5.5.2.jar:/Users/reza.ghafari/.m2/repository/org/apiguardian/apiguardian-api/1.1.0/apiguardian-api-1.1.0.jar:/Users/reza.ghafari/.m2/repository/org/opentest4j/opentest4j/1.2.0/opentest4j-1.2.0.jar:/Users/reza.ghafari/.m2/repository/org/junit/platform/junit-platform-commons/1.5.2/junit-platform-commons-1.5.2.jar:"/>
    <property name="java.vm.vendor" value="AdoptOpenJDK"/>
    <property name="sun.arch.data.model" value="64"/>
    <property name="java.vendor.url" value="http://java.oracle.com/"/>
    <property name="user.timezone" value=""/>
    <property name="java.vm.specification.version" value="1.8"/>
    <property name="os.name" value="Mac OS X"/>
    <property name="user.country" value="AU"/>
    <property name="sun.java.launcher" value="SUN_STANDARD"/>
    <property name="sun.boot.library.path" value="/Users/reza.ghafari/.sdkman/candidates/java/8.0.232.hs-adpt/jre/lib"/>
    <property name="sun.java.command" value="/Users/reza.ghafari/git/java8/target/surefire/surefirebooter5312284379393904811.jar /Users/reza.ghafari/git/java8/target/surefire 2019-11-11T08-34-42_072-jvmRun1 surefire5599373842906376871tmp surefire_0868776649004354495tmp"/>
    <property name="surefire.test.class.path" value="/Users/reza.ghafari/git/java8/target/test-classes:/Users/reza.ghafari/git/java8/target/classes:/Users/reza.ghafari/.m2/repository/io/projectreactor/reactor-core/3.3.0.RELEASE/reactor-core-3.3.0.RELEASE.jar:/Users/reza.ghafari/.m2/repository/org/reactivestreams/reactive-streams/1.0.3/reactive-streams-1.0.3.jar:/Users/reza.ghafari/.m2/repository/ch/qos/logback/logback-classic/1.2.3/logback-classic-1.2.3.jar:/Users/reza.ghafari/.m2/repository/ch/qos/logback/logback-core/1.2.3/logback-core-1.2.3.jar:/Users/reza.ghafari/.m2/repository/org/slf4j/slf4j-api/1.7.29/slf4j-api-1.7.29.jar:/Users/reza.ghafari/.m2/repository/org/junit/jupiter/junit-jupiter-api/5.5.2/junit-jupiter-api-5.5.2.jar:/Users/reza.ghafari/.m2/repository/org/apiguardian/apiguardian-api/1.1.0/apiguardian-api-1.1.0.jar:/Users/reza.ghafari/.m2/repository/org/opentest4j/opentest4j/1.2.0/opentest4j-1.2.0.jar:/Users/reza.ghafari/.m2/repository/org/junit/platform/junit-platform-commons/1.5.2/junit-platform-commons-1.5.2.jar:"/>
    <property name="sun.cpu.endian" value="little"/>
    <property name="user.home" value="/Users/reza.ghafari"/>
    <property name="user.language" value="en"/>
    <property name="java.specification.vendor" value="Oracle Corporation"/>
    <property name="java.home" value="/Users/reza.ghafari/.sdkman/candidates/java/8.0.232.hs-adpt/jre"/>
    <property name="basedir" value="/Users/reza.ghafari/git/java8"/>
    <property name="file.separator" value="/"/>
    <property name="line.separator" value="&#10;"/>
    <property name="java.vm.specification.vendor" value="Oracle Corporation"/>
    <property name="java.specification.name" value="Java Platform API Specification"/>
    <property name="java.awt.graphicsenv" value="sun.awt.CGraphicsEnvironment"/>
    <property name="surefire.real.class.path" value="/Users/reza.ghafari/git/java8/target/surefire/surefirebooter5312284379393904811.jar"/>
    <property name="sun.boot.class.path" value="/Users/reza.ghafari/.sdkman/candidates/java/8.0.232.hs-adpt/jre/lib/resources.jar:/Users/reza.ghafari/.sdkman/candidates/java/8.0.232.hs-adpt/jre/lib/rt.jar:/Users/reza.ghafari/.sdkman/candidates/java/8.0.232.hs-adpt/jre/lib/sunrsasign.jar:/Users/reza.ghafari/.sdkman/candidates/java/8.0.232.hs-adpt/jre/lib/jsse.jar:/Users/reza.ghafari/.sdkman/candidates/java/8.0.232.hs-adpt/jre/lib/jce.jar:/Users/reza.ghafari/.sdkman/candidates/java/8.0.232.hs-adpt/jre/lib/charsets.jar:/Users/reza.ghafari/.sdkman/candidates/java/8.0.232.hs-adpt/jre/lib/jfr.jar:/Users/reza.ghafari/.sdkman/candidates/java/8.0.232.hs-adpt/jre/classes"/>
    <property name="sun.management.compiler" value="HotSpot 64-Bit Tiered Compilers"/>
    <property name="java.runtime.version" value="1.8.0_232-b09"/>
    <property name="user.name" value="reza.ghafari"/>
    <property name="path.separator" value=":"/>
    <property name="os.version" value="10.15.1"/>
    <property name="java.endorsed.dirs" value="/Users/reza.ghafari/.sdkman/candidates/java/8.0.232.hs-adpt/jre/lib/endorsed"/>
    <property name="java.runtime.name" value="OpenJDK Runtime Environment"/>
    <property name="file.encoding" value="UTF-8"/>
    <property name="java.vm.name" value="OpenJDK 64-Bit Server VM"/>
    <property name="localRepository" value="/Users/reza.ghafari/.m2/repository"/>
    <property name="java.vendor.url.bug" value="http://bugreport.sun.com/bugreport/"/>
    <property name="java.io.tmpdir" value="/var/folders/sd/st3hsw5130z4ym8p6ms5nb100000gp/T/"/>
    <property name="java.version" value="1.8.0_232"/>
    <property name="user.dir" value="/Users/reza.ghafari/git/java8"/>
    <property name="os.arch" value="x86_64"/>
    <property name="java.vm.specification.name" value="Java Virtual Machine Specification"/>
    <property name="java.awt.printerjob" value="sun.lwawt.macosx.CPrinterJob"/>
    <property name="sun.os.patch.level" value="unknown"/>
    <property name="java.library.path" value="/Users/reza.ghafari/Library/Java/Extensions:/Library/Java/Extensions:/Network/Library/Java/Extensions:/System/Library/Java/Extensions:/usr/lib/java:."/>
    <property name="java.vm.info" value="mixed mode"/>
    <property name="java.vendor" value="AdoptOpenJDK"/>
    <property name="java.vm.version" value="25.232-b09"/>
    <property name="java.ext.dirs" value="/Users/reza.ghafari/Library/Java/Extensions:/Users/reza.ghafari/.sdkman/candidates/java/8.0.232.hs-adpt/jre/lib/ext:/Library/Java/Extensions:/Network/Library/Java/Extensions:/System/Library/Java/Extensions:/usr/lib/java"/>
    <property name="sun.io.unicode.encoding" value="UnicodeBig"/>
    <property name="java.class.version" value="52.0"/>
  </properties>
  <testcase name="reactive.ReactiveTest.test_Basic" classname="reactive.ReactiveTest" time="0.23"/>
  <testcase name="reactive.ReactiveTest.test_Backpressure" classname="reactive.ReactiveTest" time="0.003"/>
  <testcase name="reactive.ReactiveTest.test_operations" classname="reactive.ReactiveTest" time="0.003"/>
</testsuite>